<?xml version="1.0" encoding="UTF-8"?>
<!-- Generated by org.testng.reporters.JUnitXMLReporter -->
<testsuite ignored="8" hostname="DESKTOP-UUPIJUK" failures="1" tests="1" name="Default test" time="27.552" errors="0" timestamp="2022-07-10T17:02:08 WIB">
  <testcase classname="com.nexsoft.jcb.test.TestModulDashboard" name="tekan_tombol_reload" time="20.968">
    <failure type="java.lang.AssertionError" message="Data is not updated expected [true] but found [false]">
      <![CDATA[java.lang.AssertionError: Data is not updated expected [true] but found [false]
at org.testng.Assert.fail(Assert.java:110)
at org.testng.Assert.failNotEquals(Assert.java:1413)
at org.testng.Assert.assertTrue(Assert.java:56)
at com.nexsoft.jcb.test.TestModulDashboard.tekan_tombol_reload(TestModulDashboard.java:144)
at java.base/jdk.internal.reflect.NativeMethodAccessorImpl.invoke0(Native Method)
at java.base/jdk.internal.reflect.NativeMethodAccessorImpl.invoke(NativeMethodAccessorImpl.java:77)
at java.base/jdk.internal.reflect.DelegatingMethodAccessorImpl.invoke(DelegatingMethodAccessorImpl.java:43)
at java.base/java.lang.reflect.Method.invoke(Method.java:568)
at org.testng.internal.invokers.MethodInvocationHelper.invokeMethod(MethodInvocationHelper.java:139)
at org.testng.internal.invokers.TestInvoker.invokeMethod(TestInvoker.java:677)
at org.testng.internal.invokers.TestInvoker.invokeTestMethod(TestInvoker.java:221)
at org.testng.internal.invokers.MethodRunner.runInSequence(MethodRunner.java:50)
at org.testng.internal.invokers.TestInvoker$MethodInvocationAgent.invoke(TestInvoker.java:962)
at org.testng.internal.invokers.TestInvoker.invokeTestMethods(TestInvoker.java:194)
at org.testng.internal.invokers.TestMethodWorker.invokeTestMethods(TestMethodWorker.java:148)
at org.testng.internal.invokers.TestMethodWorker.run(TestMethodWorker.java:128)
at java.base/java.util.ArrayList.forEach(ArrayList.java:1511)
at org.testng.TestRunner.privateRun(TestRunner.java:806)
at org.testng.TestRunner.run(TestRunner.java:601)
at org.testng.SuiteRunner.runTest(SuiteRunner.java:433)
at org.testng.SuiteRunner.runSequentially(SuiteRunner.java:427)
at org.testng.SuiteRunner.privateRun(SuiteRunner.java:387)
at org.testng.SuiteRunner.run(SuiteRunner.java:330)
at org.testng.SuiteRunnerWorker.runSuite(SuiteRunnerWorker.java:52)
at org.testng.SuiteRunnerWorker.run(SuiteRunnerWorker.java:95)
at org.testng.TestNG.runSuitesSequentially(TestNG.java:1256)
at org.testng.TestNG.runSuitesLocally(TestNG.java:1176)
at org.testng.TestNG.runSuites(TestNG.java:1099)
at org.testng.TestNG.run(TestNG.java:1067)
at org.testng.remote.AbstractRemoteTestNG.run(AbstractRemoteTestNG.java:115)
at org.testng.remote.RemoteTestNG.initAndRun(RemoteTestNG.java:251)
at org.testng.remote.RemoteTestNG.main(RemoteTestNG.java:77)
]]>
    </failure>
  </testcase> <!-- tekan_tombol_reload -->
  <testcase classname="com.nexsoft.jcb.test.TestModulDashboard" name="tekan_tombol_expand_or_compress" time="0.0">
    <ignored/>
  </testcase> <!-- tekan_tombol_expand_or_compress -->
  <testcase classname="com.nexsoft.jcb.test.TestModulDashboard" name="tekan_menu_dashboard" time="0.0">
    <ignored/>
  </testcase> <!-- tekan_menu_dashboard -->
  <testcase classname="com.nexsoft.jcb.test.TestModulDashboard" name="cek_seluruh_jumlah_total_unvisit_sudah_benar_atau_belum" time="0.0">
    <ignored/>
  </testcase> <!-- cek_seluruh_jumlah_total_unvisit_sudah_benar_atau_belum -->
  <testcase classname="com.nexsoft.jcb.test.TestModulDashboard" name="cek_seluruh_jumlah_total_price_sudah_benar_atau_belum" time="0.0">
    <ignored/>
  </testcase> <!-- cek_seluruh_jumlah_total_price_sudah_benar_atau_belum -->
  <testcase classname="com.nexsoft.jcb.test.TestModulDashboard" name="tekan_tombol_collapse_or_expand" time="0.0">
    <ignored/>
  </testcase> <!-- tekan_tombol_collapse_or_expand -->
  <testcase classname="com.nexsoft.jcb.test.TestModulDashboard" name="cek_seluruh_jumlah_monthly_price_sudah_benar_atau_belum" time="0.0">
    <ignored/>
  </testcase> <!-- cek_seluruh_jumlah_monthly_price_sudah_benar_atau_belum -->
  <testcase classname="com.nexsoft.jcb.test.TestModulDashboard" name="cek_seluruh_jumlah_total_visit_sudah_benar_atau_belum" time="0.0">
    <ignored/>
  </testcase> <!-- cek_seluruh_jumlah_total_visit_sudah_benar_atau_belum -->
  <testcase classname="com.nexsoft.jcb.test.TestModulDashboard" name="tekan_tombol_detail" time="0.0">
    <ignored/>
  </testcase> <!-- tekan_tombol_detail -->
</testsuite> <!-- Default test -->
