<?xml version="1.0" encoding="UTF-8"?>
<testng-results ignored="37" total="38" passed="0" failed="1" skipped="0">
  <reporter-output>
  </reporter-output>
  <suite started-at="2022-07-13T14:04:42 WIB" name="Default suite" finished-at="2022-07-13T14:05:14 WIB" duration-ms="31775">
    <groups>
    </groups>
    <test started-at="2022-07-13T14:04:42 WIB" name="Default test" finished-at="2022-07-13T14:05:14 WIB" duration-ms="31775">
      <class name="com.nexsoft.jcb.test.TestModulMonitoring">
        <test-method is-config="true" signature="initial()[pri:0, instance:com.nexsoft.jcb.test.TestModulMonitoring@13b13b5d]" started-at="2022-07-13T14:04:42 WIB" name="initial" finished-at="2022-07-13T14:04:53 WIB" duration-ms="11254" status="PASS">
          <reporter-output>
          </reporter-output>
        </test-method> <!-- initial -->
        <test-method is-config="true" signature="reset()[pri:0, instance:com.nexsoft.jcb.test.TestModulMonitoring@13b13b5d]" started-at="2022-07-13T14:04:53 WIB" name="reset" finished-at="2022-07-13T14:05:01 WIB" duration-ms="7445" status="PASS">
          <reporter-output>
          </reporter-output>
        </test-method> <!-- reset -->
        <test-method signature="input_kolom_search_by_spasi()[pri:9, instance:com.nexsoft.jcb.test.TestModulMonitoring@13b13b5d]" started-at="2022-07-13T14:05:01 WIB" name="input_kolom_search_by_spasi" finished-at="2022-07-13T14:05:12 WIB" duration-ms="11525" status="FAIL">
          <exception class="org.openqa.selenium.UnhandledAlertException">
            <message>
              <![CDATA[unexpected alert open: {Alert text : DataTables warning: table id=data-monitoring - Invalid JSON response. For more information about this error, please see http://datatables.net/tn/1}
  (Session info: chrome=103.0.5060.114): DataTables warning: table id=data-monitoring - Invalid JSON response. For more information about this error, please see http://datatables.net/tn/1
Build info: version: '4.0.0', revision: '3a21814679'
System info: host: 'LAPTOP-INFITVQT', ip: '10.0.0.223', os.name: 'Windows 10', os.arch: 'amd64', os.version: '10.0', java.version: '18.0.1'
Driver info: org.openqa.selenium.chrome.ChromeDriver
Command: [9829ae15d445187a103ebe949e5f76e7, findElement {using=xpath, value=//input[@type='search']}]
Capabilities {acceptInsecureCerts: false, browserName: chrome, browserVersion: 103.0.5060.114, chrome: {chromedriverVersion: 102.0.5005.61 (0e59bcc00cc4..., userDataDir: C:\Users\NEXSOFT\AppData\Lo...}, goog:chromeOptions: {debuggerAddress: localhost:54895}, javascriptEnabled: true, networkConnectionEnabled: false, pageLoadStrategy: normal, platform: WINDOWS, platformName: WINDOWS, proxy: Proxy(), se:cdp: ws://localhost:54895/devtoo..., se:cdpVersion: 103.0.5060.114, setWindowRect: true, strictFileInteractability: false, timeouts: {implicit: 0, pageLoad: 300000, script: 30000}, unhandledPromptBehavior: dismiss and notify, webauthn:extension:credBlob: true, webauthn:extension:largeBlob: true, webauthn:virtualAuthenticators: true}
Session ID: 9829ae15d445187a103ebe949e5f76e7]]>
            </message>
            <full-stacktrace>
              <![CDATA[org.openqa.selenium.UnhandledAlertException: unexpected alert open: {Alert text : DataTables warning: table id=data-monitoring - Invalid JSON response. For more information about this error, please see http://datatables.net/tn/1}
  (Session info: chrome=103.0.5060.114): DataTables warning: table id=data-monitoring - Invalid JSON response. For more information about this error, please see http://datatables.net/tn/1
Build info: version: '4.0.0', revision: '3a21814679'
System info: host: 'LAPTOP-INFITVQT', ip: '10.0.0.223', os.name: 'Windows 10', os.arch: 'amd64', os.version: '10.0', java.version: '18.0.1'
Driver info: org.openqa.selenium.chrome.ChromeDriver
Command: [9829ae15d445187a103ebe949e5f76e7, findElement {using=xpath, value=//input[@type='search']}]
Capabilities {acceptInsecureCerts: false, browserName: chrome, browserVersion: 103.0.5060.114, chrome: {chromedriverVersion: 102.0.5005.61 (0e59bcc00cc4..., userDataDir: C:\Users\NEXSOFT\AppData\Lo...}, goog:chromeOptions: {debuggerAddress: localhost:54895}, javascriptEnabled: true, networkConnectionEnabled: false, pageLoadStrategy: normal, platform: WINDOWS, platformName: WINDOWS, proxy: Proxy(), se:cdp: ws://localhost:54895/devtoo..., se:cdpVersion: 103.0.5060.114, setWindowRect: true, strictFileInteractability: false, timeouts: {implicit: 0, pageLoad: 300000, script: 30000}, unhandledPromptBehavior: dismiss and notify, webauthn:extension:credBlob: true, webauthn:extension:largeBlob: true, webauthn:virtualAuthenticators: true}
Session ID: 9829ae15d445187a103ebe949e5f76e7
at org.openqa.selenium.remote.codec.w3c.W3CHttpResponseCodec.decode(W3CHttpResponseCodec.java:131)
at org.openqa.selenium.remote.codec.w3c.W3CHttpResponseCodec.decode(W3CHttpResponseCodec.java:53)
at org.openqa.selenium.remote.HttpCommandExecutor.execute(HttpCommandExecutor.java:184)
at org.openqa.selenium.remote.service.DriverCommandExecutor.invokeExecute(DriverCommandExecutor.java:164)
at org.openqa.selenium.remote.service.DriverCommandExecutor.execute(DriverCommandExecutor.java:139)
at org.openqa.selenium.remote.RemoteWebDriver.execute(RemoteWebDriver.java:559)
at org.openqa.selenium.remote.ElementLocation$ElementFinder$2.findElement(ElementLocation.java:162)
at org.openqa.selenium.remote.ElementLocation.findElement(ElementLocation.java:60)
at org.openqa.selenium.remote.RemoteWebDriver.findElement(RemoteWebDriver.java:383)
at org.openqa.selenium.remote.RemoteWebDriver.findElement(RemoteWebDriver.java:375)
at org.openqa.selenium.support.pagefactory.DefaultElementLocator.findElement(DefaultElementLocator.java:70)
at org.openqa.selenium.support.pagefactory.internal.LocatingElementHandler.invoke(LocatingElementHandler.java:39)
at jdk.proxy2/jdk.proxy2.$Proxy18.clear(Unknown Source)
at com.nexsoft.jcb.pom.JCBMonitoringPage.inputFieldSearch(JCBMonitoringPage.java:95)
at com.nexsoft.jcb.test.TestModulMonitoring.input_kolom_search_by_spasi(TestModulMonitoring.java:222)
at java.base/jdk.internal.reflect.DirectMethodHandleAccessor.invoke(DirectMethodHandleAccessor.java:104)
at java.base/java.lang.reflect.Method.invoke(Method.java:577)
at org.testng.internal.invokers.MethodInvocationHelper.invokeMethod(MethodInvocationHelper.java:139)
at org.testng.internal.invokers.TestInvoker.invokeMethod(TestInvoker.java:677)
at org.testng.internal.invokers.TestInvoker.invokeTestMethod(TestInvoker.java:221)
at org.testng.internal.invokers.MethodRunner.runInSequence(MethodRunner.java:50)
at org.testng.internal.invokers.TestInvoker$MethodInvocationAgent.invoke(TestInvoker.java:962)
at org.testng.internal.invokers.TestInvoker.invokeTestMethods(TestInvoker.java:194)
at org.testng.internal.invokers.TestMethodWorker.invokeTestMethods(TestMethodWorker.java:148)
at org.testng.internal.invokers.TestMethodWorker.run(TestMethodWorker.java:128)
at java.base/java.util.ArrayList.forEach(ArrayList.java:1511)
at org.testng.TestRunner.privateRun(TestRunner.java:806)
at org.testng.TestRunner.run(TestRunner.java:601)
at org.testng.SuiteRunner.runTest(SuiteRunner.java:433)
at org.testng.SuiteRunner.runSequentially(SuiteRunner.java:427)
at org.testng.SuiteRunner.privateRun(SuiteRunner.java:387)
at org.testng.SuiteRunner.run(SuiteRunner.java:330)
at org.testng.SuiteRunnerWorker.runSuite(SuiteRunnerWorker.java:52)
at org.testng.SuiteRunnerWorker.run(SuiteRunnerWorker.java:95)
at org.testng.TestNG.runSuitesSequentially(TestNG.java:1256)
at org.testng.TestNG.runSuitesLocally(TestNG.java:1176)
at org.testng.TestNG.runSuites(TestNG.java:1099)
at org.testng.TestNG.run(TestNG.java:1067)
at org.testng.remote.AbstractRemoteTestNG.run(AbstractRemoteTestNG.java:115)
at org.testng.remote.RemoteTestNG.initAndRun(RemoteTestNG.java:251)
at org.testng.remote.RemoteTestNG.main(RemoteTestNG.java:77)
]]>
            </full-stacktrace>
          </exception> <!-- org.openqa.selenium.UnhandledAlertException -->
          <reporter-output>
          </reporter-output>
        </test-method> <!-- input_kolom_search_by_spasi -->
        <test-method is-config="true" signature="logout()[pri:0, instance:com.nexsoft.jcb.test.TestModulMonitoring@13b13b5d]" started-at="2022-07-13T14:05:12 WIB" name="logout" finished-at="2022-07-13T14:05:13 WIB" duration-ms="1217" status="PASS">
          <reporter-output>
          </reporter-output>
        </test-method> <!-- logout -->
        <test-method is-config="true" signature="closeDriver()[pri:0, instance:com.nexsoft.jcb.test.TestModulMonitoring@13b13b5d]" started-at="2022-07-13T14:05:13 WIB" name="closeDriver" finished-at="2022-07-13T14:05:14 WIB" duration-ms="249" status="PASS">
          <reporter-output>
          </reporter-output>
        </test-method> <!-- closeDriver -->
      </class> <!-- com.nexsoft.jcb.test.TestModulMonitoring -->
    </test> <!-- Default test -->
  </suite> <!-- Default suite -->
</testng-results>
