<?xml version="1.0" encoding="UTF-8"?>
<!-- Generated by org.testng.reporters.JUnitXMLReporter -->
<testsuite ignored="21" hostname="LAPTOP-INFITVQT" failures="0" tests="17" name="JCB Modul Monitoring Test" time="243.28" errors="0" timestamp="2022-07-14T07:25:10 WIB">
  <testcase classname="com.nexsoft.jcb.test.TestModulMonitoring" name="tekan_monitoring_page" time="5.92"/>
  <testcase classname="com.nexsoft.jcb.test.TestModulMonitoring" name="input_kolom_search_by_kota" time="10.704"/>
  <testcase classname="com.nexsoft.jcb.test.TestModulMonitoring" name="input_kolom_search_by_TotalVisit" time="12.664"/>
  <testcase classname="com.nexsoft.jcb.test.TestModulMonitoring" name="input_kolom_search_by_Price" time="10.167"/>
  <testcase classname="com.nexsoft.jcb.test.TestModulMonitoring" name="input_kolom_search_by_potongan_kata_3_huruf" time="9.286"/>
  <testcase classname="com.nexsoft.jcb.test.TestModulMonitoring" name="input_kolom_search_by_simbol" time="10.105"/>
  <testcase classname="com.nexsoft.jcb.test.TestModulMonitoring" name="input_kolom_search_by_spasi" time="18.425"/>
  <testcase classname="com.nexsoft.jcb.test.TestModulMonitoring" name="input_kolom_search_by_tanpa_isi" time="10.754"/>
  <testcase classname="com.nexsoft.jcb.test.TestModulMonitoring" name="input_kolom_search_by_potongan_kata_5_huruf_dengan_spasi" time="10.521"/>
  <testcase classname="com.nexsoft.jcb.test.TestModulMonitoring" name="input_kolom_search_by_detail_dari_jakarta" time="11.186"/>
  <testcase classname="com.nexsoft.jcb.test.TestModulMonitoring" name="input_kolom_search_by_potongan_detail_dari_bekasitimur_dkk" time="11.544"/>
  <testcase classname="com.nexsoft.jcb.test.TestModulMonitoring" name="memeriksa_btn_expand_compress_monitoring" time="25.171"/>
  <testcase classname="com.nexsoft.jcb.test.TestModulMonitoring" name="search_saat_expand_by_kota" time="15.162"/>
  <testcase classname="com.nexsoft.jcb.test.TestModulMonitoring" name="tekan_tombol_collapse_or_expand_monitoring" time="15.28"/>
  <testcase classname="com.nexsoft.jcb.test.TestModulMonitoring" name="tekan_btn_plus_di_2_kota" time="7.175"/>
  <testcase classname="com.nexsoft.jcb.test.TestModulMonitoring" name="tekan_btn_minus" time="8.204"/>
  <testcase classname="com.nexsoft.jcb.test.TestModulMonitoring" name="validasi_menekan_btn_scroll_saat_plus" time="10.273"/>
  <testcase classname="com.nexsoft.jcb.test.TestModulMonitoring" name="search_saat_expand_by_potongan_kata_3_huruf" time="0.0">
    <ignored/>
  </testcase> <!-- search_saat_expand_by_potongan_kata_3_huruf -->
  <testcase classname="com.nexsoft.jcb.test.TestModulMonitoring" name="input_kolom_search_by_detail_dari_bintaro" time="0.0">
    <ignored/>
  </testcase> <!-- input_kolom_search_by_detail_dari_bintaro -->
  <testcase classname="com.nexsoft.jcb.test.TestModulMonitoring" name="input_kolom_search_by_TotalData" time="0.0">
    <ignored/>
  </testcase> <!-- input_kolom_search_by_TotalData -->
  <testcase classname="com.nexsoft.jcb.test.TestModulMonitoring" name="search_saat_expand_menggunakan_spasi" time="0.0">
    <ignored/>
  </testcase> <!-- search_saat_expand_menggunakan_spasi -->
  <testcase classname="com.nexsoft.jcb.test.TestModulMonitoring" name="input_kolom_search_by_detail_dari_yogyakarta" time="0.0">
    <ignored/>
  </testcase> <!-- input_kolom_search_by_detail_dari_yogyakarta -->
  <testcase classname="com.nexsoft.jcb.test.TestModulMonitoring" name="input_kolom_search_by_detail_dari_jakarta2" time="0.0">
    <ignored/>
  </testcase> <!-- input_kolom_search_by_detail_dari_jakarta2 -->
  <testcase classname="com.nexsoft.jcb.test.TestModulMonitoring" name="search_saat_expand_tanpa_isi" time="0.0">
    <ignored/>
  </testcase> <!-- search_saat_expand_tanpa_isi -->
  <testcase classname="com.nexsoft.jcb.test.TestModulMonitoring" name="search_saat_expand_by_potongan_kata_5_huruf" time="0.0">
    <ignored/>
  </testcase> <!-- search_saat_expand_by_potongan_kata_5_huruf -->
  <testcase classname="com.nexsoft.jcb.test.TestModulMonitoring" name="input_kolom_search_by_detail_dari_jakarta3" time="0.0">
    <ignored/>
  </testcase> <!-- input_kolom_search_by_detail_dari_jakarta3 -->
  <testcase classname="com.nexsoft.jcb.test.TestModulMonitoring" name="search_saat_expand_by_TotalData" time="0.0">
    <ignored/>
  </testcase> <!-- search_saat_expand_by_TotalData -->
  <testcase classname="com.nexsoft.jcb.test.TestModulMonitoring" name="search_saat_expand_by_total_visit" time="0.0">
    <ignored/>
  </testcase> <!-- search_saat_expand_by_total_visit -->
  <testcase classname="com.nexsoft.jcb.test.TestModulMonitoring" name="search_saat_expand_by_potongan_kata_5_huruf_dengan_spasi" time="0.0">
    <ignored/>
  </testcase> <!-- search_saat_expand_by_potongan_kata_5_huruf_dengan_spasi -->
  <testcase classname="com.nexsoft.jcb.test.TestModulMonitoring" name="validasi_menekan_btn_scroll" time="0.0">
    <ignored/>
  </testcase> <!-- validasi_menekan_btn_scroll -->
  <testcase classname="com.nexsoft.jcb.test.TestModulMonitoring" name="search_saat_expand_by_simbol" time="0.0">
    <ignored/>
  </testcase> <!-- search_saat_expand_by_simbol -->
  <testcase classname="com.nexsoft.jcb.test.TestModulMonitoring" name="tekan_btn_plus" time="0.0">
    <ignored/>
  </testcase> <!-- tekan_btn_plus -->
  <testcase classname="com.nexsoft.jcb.test.TestModulMonitoring" name="input_kolom_search_by_potongan_kata_4_huruf" time="0.0">
    <ignored/>
  </testcase> <!-- input_kolom_search_by_potongan_kata_4_huruf -->
  <testcase classname="com.nexsoft.jcb.test.TestModulMonitoring" name="input_kolom_search_by_potongan_kata_5_huruf" time="0.0">
    <ignored/>
  </testcase> <!-- input_kolom_search_by_potongan_kata_5_huruf -->
  <testcase classname="com.nexsoft.jcb.test.TestModulMonitoring" name="input_kolom_search_by_TotalVisit2" time="0.0">
    <ignored/>
  </testcase> <!-- input_kolom_search_by_TotalVisit2 -->
  <testcase classname="com.nexsoft.jcb.test.TestModulMonitoring" name="tekan_btn_plus_di_3_kota" time="0.0">
    <ignored/>
  </testcase> <!-- tekan_btn_plus_di_3_kota -->
  <testcase classname="com.nexsoft.jcb.test.TestModulMonitoring" name="search_saat_expand_by_price" time="0.0">
    <ignored/>
  </testcase> <!-- search_saat_expand_by_price -->
  <testcase classname="com.nexsoft.jcb.test.TestModulMonitoring" name="search_saat_expand_by_potongan_kata_4_huruf" time="0.0">
    <ignored/>
  </testcase> <!-- search_saat_expand_by_potongan_kata_4_huruf -->
</testsuite> <!-- JCB Modul Monitoring Test -->
