<?xml version="1.0" encoding="UTF-8"?>
<!-- Generated by org.testng.reporters.JUnitXMLReporter -->
<testsuite ignored="2" hostname="LAPTOP-INFITVQT" failures="2" tests="48" name="JCB Modul Bucket Validasi Test" time="687.362" errors="0" timestamp="2022-07-13T12:16:50 WIB">
  <testcase classname="com.nexsoft.jcb.test.TestModulBucketValidasi" name="tekan_bucket_dan_bucket_validasi" time="4.919"/>
  <testcase classname="com.nexsoft.jcb.test.TestModulBucketValidasi" name="filter_all_area" time="14.021"/>
  <testcase classname="com.nexsoft.jcb.test.TestModulBucketValidasi" name="filter_area" time="15.434">
    <failure type="java.lang.AssertionError" message="Filter is not workings expected [true] but found [false]">
      <![CDATA[java.lang.AssertionError: Filter is not workings expected [true] but found [false]
at com.nexsoft.jcb.test.TestModulBucketValidasi.filter_area(TestModulBucketValidasi.java:207)
at java.base/java.util.ArrayList.forEach(ArrayList.java:1511)
... Removed 28 stack frames]]>
    </failure>
  </testcase> <!-- filter_area -->
  <testcase classname="com.nexsoft.jcb.test.TestModulBucketValidasi" name="fungsi_button_filter" time="14.221">
    <failure type="java.lang.AssertionError" message="Filter is not workings expected [true] but found [false]">
      <![CDATA[java.lang.AssertionError: Filter is not workings expected [true] but found [false]
at com.nexsoft.jcb.test.TestModulBucketValidasi.fungsi_button_filter(TestModulBucketValidasi.java:236)
at java.base/java.util.ArrayList.forEach(ArrayList.java:1511)
... Removed 28 stack frames]]>
    </failure>
  </testcase> <!-- fungsi_button_filter -->
  <testcase classname="com.nexsoft.jcb.test.TestModulBucketValidasi" name="tekan_tombol_collapse_or_expand_validasi_data" time="11.026"/>
  <testcase classname="com.nexsoft.jcb.test.TestModulBucketValidasi" name="fungsi_btn_next" time="6.95"/>
  <testcase classname="com.nexsoft.jcb.test.TestModulBucketValidasi" name="fungsi_btn_previous" time="9.012"/>
  <testcase classname="com.nexsoft.jcb.test.TestModulBucketValidasi" name="fungsi_button_2" time="6.741"/>
  <testcase classname="com.nexsoft.jcb.test.TestModulBucketValidasi" name="input_kolom_search_by_no" time="9.035"/>
  <testcase classname="com.nexsoft.jcb.test.TestModulBucketValidasi" name="input_kolom_search_by_area" time="9.032"/>
  <testcase classname="com.nexsoft.jcb.test.TestModulBucketValidasi" name="input_kolom_search_by_merchant_name" time="9.225"/>
  <testcase classname="com.nexsoft.jcb.test.TestModulBucketValidasi" name="input_kolom_search_by_address" time="9.221"/>
  <testcase classname="com.nexsoft.jcb.test.TestModulBucketValidasi" name="input_kolom_search_by_officer" time="8.985"/>
  <testcase classname="com.nexsoft.jcb.test.TestModulBucketValidasi" name="input_kolom_search_by_visit_date" time="10.61"/>
  <testcase classname="com.nexsoft.jcb.test.TestModulBucketValidasi" name="input_kolom_search_by_note" time="9.041"/>
  <testcase classname="com.nexsoft.jcb.test.TestModulBucketValidasi" name="input_kolom_search_by_huruf_random" time="9.736"/>
  <testcase classname="com.nexsoft.jcb.test.TestModulBucketValidasi" name="input_kolom_search_by_simbol" time="9.049"/>
  <testcase classname="com.nexsoft.jcb.test.TestModulBucketValidasi" name="input_kolom_search_menggunakan_spasi" time="9.354"/>
  <testcase classname="com.nexsoft.jcb.test.TestModulBucketValidasi" name="input_kolom_search_tanpa_isi" time="9.642"/>
  <testcase classname="com.nexsoft.jcb.test.TestModulBucketValidasi" name="fungsi_button_mata" time="7.455"/>
  <testcase classname="com.nexsoft.jcb.test.TestModulBucketValidasi" name="cek_popup_foto_depan_toko" time="11.587"/>
  <testcase classname="com.nexsoft.jcb.test.TestModulBucketValidasi" name="cek_popup_foto_struk_edc" time="11.518"/>
  <testcase classname="com.nexsoft.jcb.test.TestModulBucketValidasi" name="cek_popup_spot_meja_kasir_before" time="11.691"/>
  <testcase classname="com.nexsoft.jcb.test.TestModulBucketValidasi" name="cek_popup_spot_meja_kasir_after" time="11.531"/>
  <testcase classname="com.nexsoft.jcb.test.TestModulBucketValidasi" name="cek_popup_spot_pintu_masuk_before" time="11.465"/>
  <testcase classname="com.nexsoft.jcb.test.TestModulBucketValidasi" name="cek_popup_spot_pintu_masuk_after" time="12.222"/>
  <testcase classname="com.nexsoft.jcb.test.TestModulBucketValidasi" name="cek_popup_other_principal" time="11.808"/>
  <testcase classname="com.nexsoft.jcb.test.TestModulBucketValidasi" name="menekan_button_validate" time="14.001"/>
  <testcase classname="com.nexsoft.jcb.test.TestModulBucketValidasi" name="validasi_menekan_submit_validate" time="11.862"/>
  <testcase classname="com.nexsoft.jcb.test.TestModulBucketValidasi" name="validasi_menekan_cancel_validate" time="14.141"/>
  <testcase classname="com.nexsoft.jcb.test.TestModulBucketValidasi" name="validasi_menekan_btnX_validate" time="13.562"/>
  <testcase classname="com.nexsoft.jcb.test.TestModulBucketValidasi" name="validasi_menekan_btn_return" time="13.61"/>
  <testcase classname="com.nexsoft.jcb.test.TestModulBucketValidasi" name="return_detail_validasi_dengan_isi_kombinasi" time="15.06"/>
  <testcase classname="com.nexsoft.jcb.test.TestModulBucketValidasi" name="return_detail_validasi_dengan_isi_alfabet" time="15.429"/>
  <testcase classname="com.nexsoft.jcb.test.TestModulBucketValidasi" name="return_detail_validasi_dengan_isi_numerik" time="15.582"/>
  <testcase classname="com.nexsoft.jcb.test.TestModulBucketValidasi" name="return_detail_validasi_dengan_isi_simbol" time="16.973"/>
  <testcase classname="com.nexsoft.jcb.test.TestModulBucketValidasi" name="return_detail_validasi_tanpa_isi_notes" time="19.04"/>
  <testcase classname="com.nexsoft.jcb.test.TestModulBucketValidasi" name="validasi_menekan_cancel_return" time="14.833"/>
  <testcase classname="com.nexsoft.jcb.test.TestModulBucketValidasi" name="validasi_menekan_btnX_return" time="13.923"/>
  <testcase classname="com.nexsoft.jcb.test.TestModulBucketValidasi" name="validasi_menekan_btn_reject" time="11.589"/>
  <testcase classname="com.nexsoft.jcb.test.TestModulBucketValidasi" name="reject_detail_validasi_dengan_isi_kombinasi" time="13.786"/>
  <testcase classname="com.nexsoft.jcb.test.TestModulBucketValidasi" name="reject_detail_validasi_dengan_isi_alfabet" time="13.96"/>
  <testcase classname="com.nexsoft.jcb.test.TestModulBucketValidasi" name="reject_detail_validasi_dengan_isi_numerik" time="14.429"/>
  <testcase classname="com.nexsoft.jcb.test.TestModulBucketValidasi" name="reject_detail_validasi_dengan_isi_simbol" time="14.003"/>
  <testcase classname="com.nexsoft.jcb.test.TestModulBucketValidasi" name="reject_detail_validasi_tanpa_isi_notes" time="16.891"/>
  <testcase classname="com.nexsoft.jcb.test.TestModulBucketValidasi" name="validasi_menekan_cancel_reject" time="11.522"/>
  <testcase classname="com.nexsoft.jcb.test.TestModulBucketValidasi" name="validasi_menekan_btnX_reject" time="12.556"/>
  <testcase classname="com.nexsoft.jcb.test.TestModulBucketValidasi" name="validasi_menekan_btn_scroll" time="6.95"/>
  <testcase classname="com.nexsoft.jcb.test.TestModulBucketValidasi" name="validasi_menekan_submit_reject" time="0.0">
    <ignored/>
  </testcase> <!-- validasi_menekan_submit_reject -->
  <testcase classname="com.nexsoft.jcb.test.TestModulBucketValidasi" name="validasi_menekan_submit_return" time="0.0">
    <ignored/>
  </testcase> <!-- validasi_menekan_submit_return -->
</testsuite> <!-- JCB Modul Bucket Validasi Test -->
