<?xml version="1.0" encoding="UTF-8"?>
<!-- Generated by org.testng.reporters.JUnitXMLReporter -->
<testsuite ignored="0" hostname="DESKTOP-UUPIJUK" failures="2" tests="9" name="Test_Dashboard" time="140.448" errors="0" timestamp="2022-07-12T22:23:10 WIB">
  <testcase classname="com.nexsoft.jcb.test.TestModulDashboard" name="tekan_menu_dashboard" time="5.185"/>
  <testcase classname="com.nexsoft.jcb.test.TestModulDashboard" name="tekan_tombol_expand_or_compress" time="7.318"/>
  <testcase classname="com.nexsoft.jcb.test.TestModulDashboard" name="tekan_tombol_reload" time="24.584">
    <failure type="java.lang.AssertionError" message="Data is not updated expected [true] but found [false]">
      <![CDATA[java.lang.AssertionError: Data is not updated expected [true] but found [false]
at com.nexsoft.jcb.test.TestModulDashboard.tekan_tombol_reload(TestModulDashboard.java:155)
at java.base/java.util.ArrayList.forEach(ArrayList.java:1511)
... Removed 30 stack frames]]>
    </failure>
  </testcase> <!-- tekan_tombol_reload -->
  <testcase classname="com.nexsoft.jcb.test.TestModulDashboard" name="tekan_tombol_collapse_or_expand" time="7.276"/>
  <testcase classname="com.nexsoft.jcb.test.TestModulDashboard" name="tekan_tombol_detail" time="6.567"/>
  <testcase classname="com.nexsoft.jcb.test.TestModulDashboard" name="cek_seluruh_jumlah_total_price_sudah_benar_atau_belum" time="9.332"/>
  <testcase classname="com.nexsoft.jcb.test.TestModulDashboard" name="cek_seluruh_jumlah_monthly_price_sudah_benar_atau_belum" time="9.282"/>
  <testcase classname="com.nexsoft.jcb.test.TestModulDashboard" name="cek_seluruh_jumlah_total_unvisit_sudah_benar_atau_belum" time="10.201">
    <failure type="java.lang.AssertionError" message="Unvisit total in header is not same as total in table expected [163] but found [160]">
      <![CDATA[java.lang.AssertionError: Unvisit total in header is not same as total in table expected [163] but found [160]
at com.nexsoft.jcb.test.TestModulDashboard.cek_seluruh_jumlah_total_unvisit_sudah_benar_atau_belum(TestModulDashboard.java:212)
at java.base/java.util.ArrayList.forEach(ArrayList.java:1511)
... Removed 32 stack frames]]>
    </failure>
  </testcase> <!-- cek_seluruh_jumlah_total_unvisit_sudah_benar_atau_belum -->
  <testcase classname="com.nexsoft.jcb.test.TestModulDashboard" name="cek_seluruh_jumlah_total_visit_sudah_benar_atau_belum" time="9.25"/>
</testsuite> <!-- Test_Dashboard -->
